<?xml version="1.0" encoding="UTF-8"?>
<testsuite xmlns:xsi="http://www.w3.org/2001/XMLSchema-instance" xsi:noNamespaceSchemaLocation="https://maven.apache.org/surefire/maven-surefire-plugin/xsd/surefire-test-report.xsd" name="xyz.rewired.core.CalculatorTest" time="0.021" tests="7" errors="0" skipped="0" failures="0">
  <properties>
[...]
</properties>
  <testcase name="anythingDividedZeroShouldThrowException" classname="xyz.rewired.core.CalculatorTest" time="0.01"/>
  <testcase name="twoMinusTwoShouldBeZero" classname="xyz.rewired.core.CalculatorTest" time="0.001"/>
  <testcase name="twoTimesZeroShouldBeZero" classname="xyz.rewired.core.CalculatorTest" time="0.001"/>
  <testcase name="twoTimesThreeShouldBeSix" classname="xyz.rewired.core.CalculatorTest" time="0.001"/>
  <testcase name="ZeroDivideTwoShouldBeZero" classname="xyz.rewired.core.CalculatorTest" time="0.001"/>
  <testcase name="twoPlusTwoShouldBeFour" classname="xyz.rewired.core.CalculatorTest" time="0"/>
  <testcase name="tenDivide3ShouldBeThree" classname="xyz.rewired.core.CalculatorTest" time="0"/>
</testsuite>